20220712 16:14:29 INFO  [main] ims.IMS IMS.java96 - Welcome to the Inventory Management System!
20220712 16:14:29 INFO  [main] ims.IMS IMS.java101 - Which entity would you like to use?
20220712 16:14:29 INFO  [main] domain.Domain Domain.java27 - CUSTOMER: Information about customers
20220712 16:14:29 INFO  [main] domain.Domain Domain.java27 - ITEM: Individual Items
20220712 16:14:29 INFO  [main] domain.Domain Domain.java27 - ORDER: Purchases of items
20220712 16:14:29 INFO  [main] domain.Domain Domain.java27 - STOP: To close the application
20220712 16:14:31 INFO  [main] ims.IMS IMS.java132 - What would you like to do with order:
20220712 16:14:31 INFO  [main] controller.Action Action.java38 - CREATE: Save a new entity into the database
20220712 16:14:31 INFO  [main] controller.Action Action.java38 - READ: Read an entity from the database
20220712 16:14:31 INFO  [main] controller.Action Action.java38 - UPDATE: Change an entity already in the database
20220712 16:14:31 INFO  [main] controller.Action Action.java38 - DELETE: Remove an entity from the database
20220712 16:14:31 INFO  [main] controller.Action Action.java38 - RETURN: Return to domain selection
20220712 16:14:34 INFO  [main] controller.OrderController OrderController.java29 - order id:3 customer id:1 item id: 1
20220712 16:14:34 INFO  [main] controller.OrderController OrderController.java29 - order id:5 customer id:1 item id: 1
20220712 16:14:34 INFO  [main] ims.IMS IMS.java132 - What would you like to do with order:
20220712 16:14:34 INFO  [main] controller.Action Action.java38 - CREATE: Save a new entity into the database
20220712 16:14:34 INFO  [main] controller.Action Action.java38 - READ: Read an entity from the database
20220712 16:14:34 INFO  [main] controller.Action Action.java38 - UPDATE: Change an entity already in the database
20220712 16:14:34 INFO  [main] controller.Action Action.java38 - DELETE: Remove an entity from the database
20220712 16:14:34 INFO  [main] controller.Action Action.java38 - RETURN: Return to domain selection
